        -:    0:Source:tree.c
        -:    1:#include <stdio.h>
        -:    2:#include <stdlib.h>
        -:    3:#include <ctype.h>
        -:    4:#include <string.h>
        -:    5:#include "tree.h"
        -:    6:#include "stack.h"
        -:    7:
        -:    8:// Function to create a new tree node
function createNode called 11 returned 100% blocks executed 60%
       11:    9:struct TreeNode* createNode(char value) {
       11:   10:    struct TreeNode* newNode = (struct TreeNode*)malloc(sizeof(struct TreeNode));
       11:   11:    if (newNode == NULL) {
branch  0 taken 0% (fallthrough)
branch  1 taken 100%
    #####:   12:        printf("Memory allocation failed!\n");
call    0 never executed
    #####:   13:        exit(EXIT_FAILURE);
call    0 never executed
        -:   14:    }
       11:   15:    newNode->data = value;
       11:   16:    newNode->left = NULL;
       11:   17:    newNode->right = NULL;
       11:   18:    return newNode;
        -:   19:}
        -:   20:
        -:   21:// Function to build a binary expression tree from a postfix expression
function buildTree called 1 returned 100% blocks executed 100%
        1:   22:struct TreeNode* buildTree(char* postfix) {
        -:   23:    struct TreeNode* stack[100]; // Assuming maximum 100 elements in the stack
        1:   24:    int top = -1;
        -:   25:    struct TreeNode *t, *t1, *t2;
        -:   26:
       12:   27:    for (int i = 0; postfix[i] != '\0'; i++) {
branch  0 taken 92%
branch  1 taken 8% (fallthrough)
       11:   28:        if (isdigit(postfix[i])) {
branch  0 taken 55% (fallthrough)
branch  1 taken 45%
        6:   29:            t = createNode(postfix[i]);
call    0 returned 100%
        6:   30:            stack[++top] = t;
        5:   31:        } else if (postfix[i] == '+' || postfix[i] == '-' || postfix[i] == '*' || postfix[i] == '/') {
branch  0 taken 80% (fallthrough)
branch  1 taken 20%
branch  2 taken 75% (fallthrough)
branch  3 taken 25%
branch  4 taken 33% (fallthrough)
branch  5 taken 67%
branch  6 taken 100% (fallthrough)
branch  7 taken 0%
        5:   32:            t = createNode(postfix[i]);
call    0 returned 100%
        5:   33:            t1 = stack[top--];
        5:   34:            t2 = stack[top--];
        5:   35:            t->right = t1;
        5:   36:            t->left = t2;
        5:   37:            stack[++top] = t;
        -:   38:        }
        -:   39:    }
        1:   40:    return stack[top];
        -:   41:}
        -:   42:
        -:   43:// Function to perform an iterative inorder traversal of a binary expression tree
function inorderTraversal called 1 returned 100% blocks executed 93%
        1:   44:void inorderTraversal(struct TreeNode* root) {
        1:   45:    if (root == NULL) {
branch  0 taken 0% (fallthrough)
branch  1 taken 100%
    #####:   46:        return;
        -:   47:    }
        -:   48:
        1:   49:    struct TreeNode* current = root;
        1:   50:    struct StackNode* stack = NULL;
        -:   51:
       12:   52:    while (current != NULL || !isEmpty(stack)) {
branch  0 taken 50%
branch  1 taken 50% (fallthrough)
call    2 returned 100%
branch  3 taken 83%
branch  4 taken 17% (fallthrough)
       22:   53:        while (current != NULL) {
branch  0 taken 50%
branch  1 taken 50% (fallthrough)
       11:   54:            push(&stack, current);
call    0 returned 100%
       11:   55:            current = current->left;
        -:   56:        }
       11:   57:        current = pop(&stack);
call    0 returned 100%
       11:   58:        printf("%c ", current->data);
call    0 returned 100%
       11:   59:        current = current->right;
        -:   60:    }
        -:   61:}
        -:   62:
        -:   63:// Function to evaluate an expression tree
function evaluateExpression called 11 returned 100% blocks executed 86%
       11:   64:int evaluateExpression(struct TreeNode* root) {
       11:   65:    if (root == NULL) {
branch  0 taken 0% (fallthrough)
branch  1 taken 100%
    #####:   66:        return 0;
        -:   67:    }
       11:   68:    if (root->left == NULL && root->right == NULL) {
branch  0 taken 55% (fallthrough)
branch  1 taken 45%
branch  2 taken 100% (fallthrough)
branch  3 taken 0%
        6:   69:        return root->data - '0';
        -:   70:    }
        -:   71:
        5:   72:    int left_val = evaluateExpression(root->left);
call    0 returned 100%
        5:   73:    int right_val = evaluateExpression(root->right);
call    0 returned 100%
        -:   74:
        5:   75:    switch (root->data) {
branch  0 taken 20%
branch  1 taken 20%
branch  2 taken 40%
branch  3 taken 20%
branch  4 taken 0%
        1:   76:        case '+':
        1:   77:            return left_val + right_val;
        1:   78:        case '-':
        1:   79:            return left_val - right_val;
        2:   80:        case '*':
        2:   81:            return left_val * right_val;
        1:   82:        case '/':
        1:   83:            return left_val / right_val;
    #####:   84:        default:
    #####:   85:            return 0;
        -:   86:    }
        -:   87:}
        -:   88:
        -:   89:// Function to deallocate memory for the tree nodes
function freeTree called 23 returned 100% blocks executed 100%
       23:   90:void freeTree(struct TreeNode* root) {
       23:   91:    if (root != NULL) {
branch  0 taken 48% (fallthrough)
branch  1 taken 52%
       11:   92:        freeTree(root->left);
call    0 returned 100%
       11:   93:        freeTree(root->right);
call    0 returned 100%
       11:   94:        free(root);
        -:   95:    }
       23:   96:}
