        -:    0:Source:main.c
        -:    1:#include <stdio.h>
        -:    2:#include "stack.h"
        -:    3:
function main called 1 returned 0% blocks executed 87%
        1:    4:int main() {
        1:    5:    struct Node* root = NULL; // Initialize the stack
        -:    6:
        -:    7:    // Push elements onto the stack
        1:    8:    push(&root, 10);
call    0 returned 100%
        1:    9:    push(&root, 20);
call    0 returned 100%
        1:   10:    push(&root, 30);
call    0 returned 100%
        -:   11:
        -:   12:    // Print the top element of the stack
        1:   13:    printf("Top element of the stack: %d\n", peek(root));
call    0 returned 100%
call    1 returned 100%
        -:   14:
        -:   15:    // Pop elements from the stack and print them
        1:   16:    printf("Popped from stack: %d\n", pop(&root));
call    0 returned 100%
call    1 returned 100%
        1:   17:    printf("Popped from stack: %d\n", pop(&root));
call    0 returned 100%
call    1 returned 100%
        1:   18:    printf("Popped from stack: %d\n", pop(&root));
call    0 returned 100%
call    1 returned 100%
        -:   19:
        -:   20:    // Attempting to pop from an empty stack
       1*:   21:    printf("Popped from stack: %d\n", pop(&root)); // Stack underflow
call    0 returned 0%
call    1 never executed
        -:   22:
    #####:   23:    return 0;
        -:   24:}
