        -:    0:Source:main.c
        -:    1:#include<stdio.h>
        -:    2:#include "graph.h"
        -:    3:#include <time.h> // Include time.h for clock() function
        -:    4:
function main called 1 returned 100% blocks executed 100%
        1:    5:int main() {
        1:    6:    int numVertices = 4;
        -:    7: 
        -:    8:    // Record the start time
        1:    9:    clock_t start = clock();
call    0 returned 100%
        -:   10: 
        1:   11:    initializeGraph(numVertices);
call    0 returned 100%
        -:   12: 
        1:   13:    addEdge(0, 1); // Directed edge from 0 to 1
call    0 returned 100%
        1:   14:    addEdge(1, 2); // Directed edge from 1 to 2
call    0 returned 100%
        1:   15:    addEdge(2, 3); // Directed edge from 2 to 3
call    0 returned 100%
        -:   16: 
        1:   17:    printGraph(numVertices);
call    0 returned 100%
        -:   18: 
        -:   19:    // Record the end time
        1:   20:    clock_t end = clock();
call    0 returned 100%
        -:   21: 
        -:   22:    // Calculate CPU time
        1:   23:    double cpu_time_used = ((double) (end - start)) / CLOCKS_PER_SEC;
        -:   24: 
        -:   25:    // Print CPU time
        1:   26:    printf("CPU time used: %f seconds\n", cpu_time_used);
call    0 returned 100%
        -:   27: 
        1:   28:    return 0;
        -:   29:}
        -:   30:
